<?xml version="1.0" encoding="UTF-8"?>
<testsuite name="hello.core.beanfind.ApplicationContextBasicFindTest" tests="3" skipped="0" failures="0" errors="0" timestamp="2025-04-30T06:36:44.305Z" hostname="ichan-uui-MacBookAir.local" time="0.008">
  <properties/>
  <testcase name="구체 타입으로 조회" classname="hello.core.beanfind.ApplicationContextBasicFindTest" time="0.0"/>
  <testcase name="빈 이름으로 조회 x" classname="hello.core.beanfind.ApplicationContextBasicFindTest" time="0.002"/>
  <testcase name="빈 이름으로 조회" classname="hello.core.beanfind.ApplicationContextBasicFindTest" time="0.001"/>
  <system-out><![CDATA[call AppConfig.memberService
Calln AppConfig.memberRepository
Call  AppConfig.orderService
call AppConfig.memberService
Calln AppConfig.memberRepository
Call  AppConfig.orderService
call AppConfig.memberService
Calln AppConfig.memberRepository
Call  AppConfig.orderService
]]></system-out>
  <system-err><![CDATA[]]></system-err>
</testsuite>
