<?xml version="1.0" encoding="UTF-8"?>
<testsuite name="hello.core.autowired.AutowiredTest" tests="1" skipped="0" failures="0" errors="0" timestamp="2025-04-30T06:36:44.261Z" hostname="ichan-uui-MacBookAir.local" time="0.004">
  <properties/>
  <testcase name="AutowiredOption()" classname="hello.core.autowired.AutowiredTest" time="0.004"/>
  <system-out><![CDATA[bean2 = null
bean3 = Optional.empty
]]></system-out>
  <system-err><![CDATA[]]></system-err>
</testsuite>
