<?xml version="1.0" encoding="UTF-8"?>
<testsuite name="hello.core.singleton.StatefulServiceTest" tests="1" skipped="0" failures="0" errors="0" timestamp="2025-04-30T06:36:44.406Z" hostname="ichan-uui-MacBookAir.local" time="0.005">
  <properties/>
  <testcase name="stateSingleTonService()" classname="hello.core.singleton.StatefulServiceTest" time="0.005"/>
  <system-out><![CDATA[bean.getPrice() = 1000
]]></system-out>
  <system-err><![CDATA[]]></system-err>
</testsuite>
