<?xml version="1.0" encoding="UTF-8"?>
<testsuite name="hello.core.singleton.SingleTonTest" tests="2" skipped="0" failures="0" errors="0" timestamp="2025-04-30T06:36:44.402Z" hostname="ichan-uui-MacBookAir.local" time="0.004">
  <properties/>
  <testcase name="SingleTonServiceTest()" classname="hello.core.singleton.SingleTonTest" time="0.001"/>
  <testcase name="pureContainer()" classname="hello.core.singleton.SingleTonTest" time="0.001"/>
  <system-out><![CDATA[call AppConfig.memberService
Calln AppConfig.memberRepository
Call  AppConfig.orderService
inntacne1 = hello.core.singleton.SingleTonService@6113a26f
inntacne = hello.core.singleton.SingleTonService@6113a26f
싱글톤 객체 로직 생성.
call AppConfig.memberService
Calln AppConfig.memberRepository
Call  AppConfig.orderService
call AppConfig.memberService
Calln AppConfig.memberRepository
call AppConfig.memberService
Calln AppConfig.memberRepository
memberService1 = hello.core.member.MemberServiceImpl@4813d0
memberService = hello.core.member.MemberServiceImpl@702096ef
bean1 = hello.core.member.MemberServiceImpl@5f0d8937
bean2 = hello.core.member.MemberServiceImpl@5f0d8937
appConfig1 = hello.core.AppConfig$$SpringCGLIB$$0@105dc04d
]]></system-out>
  <system-err><![CDATA[]]></system-err>
</testsuite>
